2025-02-16 12:24:26,411 - Using device: cuda
2025-02-16 12:24:28,203 - Max token ID: 50255
2025-02-16 12:24:28,241 - Loaded 338025 tokens
2025-02-16 12:24:28,241 - 1 epoch = 82 batches
2025-02-16 12:24:28,771 - step 0 | loss 155.7880 | lr 0.000060 | 8157 tokens/sec
2025-02-16 12:24:31,089 - step 10 | loss 72.8811 | lr 0.000060 | 18044 tokens/sec
2025-02-16 12:24:33,362 - step 20 | loss 68.1647 | lr 0.000060 | 18033 tokens/sec
2025-02-16 12:24:35,624 - step 30 | loss 56.0636 | lr 0.000060 | 18578 tokens/sec
2025-02-16 12:24:37,893 - step 40 | loss 45.3896 | lr 0.000060 | 18368 tokens/sec
2025-02-16 12:24:40,157 - step 50 | loss 38.9970 | lr 0.000060 | 17962 tokens/sec
2025-02-16 12:24:42,436 - step 60 | loss 34.0768 | lr 0.000060 | 18322 tokens/sec
2025-02-16 12:24:44,719 - step 70 | loss 28.6409 | lr 0.000060 | 18031 tokens/sec
2025-02-16 12:24:46,988 - step 80 | loss 25.7145 | lr 0.000060 | 18826 tokens/sec
2025-02-16 12:24:49,260 - step 90 | loss 22.0152 | lr 0.000060 | 17688 tokens/sec
2025-02-16 12:24:51,540 - step 100 | loss 18.0715 | lr 0.000060 | 18396 tokens/sec
2025-02-16 12:24:53,809 - step 110 | loss 16.7392 | lr 0.000060 | 17367 tokens/sec
2025-02-16 12:24:56,082 - step 120 | loss 12.4123 | lr 0.000060 | 16987 tokens/sec
2025-02-16 12:24:58,366 - step 130 | loss 12.6617 | lr 0.000060 | 18872 tokens/sec
2025-02-16 12:25:00,633 - step 140 | loss 10.7634 | lr 0.000060 | 18346 tokens/sec
2025-02-16 12:25:02,914 - step 150 | loss 10.8433 | lr 0.000060 | 17453 tokens/sec
2025-02-16 12:25:05,188 - step 160 | loss 12.5231 | lr 0.000060 | 17334 tokens/sec
2025-02-16 12:25:07,458 - step 170 | loss 11.1783 | lr 0.000060 | 17239 tokens/sec
2025-02-16 12:25:09,740 - step 180 | loss 11.6690 | lr 0.000060 | 17526 tokens/sec
2025-02-16 12:25:12,015 - step 190 | loss 10.3573 | lr 0.000060 | 17471 tokens/sec
2025-02-16 12:25:14,294 - step 200 | loss 10.6029 | lr 0.000060 | 18183 tokens/sec
2025-02-16 12:25:16,566 - step 210 | loss 12.9470 | lr 0.000063 | 17556 tokens/sec
2025-02-16 12:25:18,841 - step 220 | loss 10.6620 | lr 0.000066 | 18044 tokens/sec
2025-02-16 12:25:21,129 - step 230 | loss 11.8424 | lr 0.000069 | 17126 tokens/sec
2025-02-16 12:25:23,406 - step 240 | loss 13.0932 | lr 0.000072 | 17989 tokens/sec
2025-02-16 12:25:25,680 - step 250 | loss 9.5503 | lr 0.000075 | 17985 tokens/sec
2025-02-16 12:25:27,966 - step 260 | loss 9.0311 | lr 0.000078 | 17609 tokens/sec
2025-02-16 12:25:30,244 - step 270 | loss 12.0319 | lr 0.000081 | 17567 tokens/sec
2025-02-16 12:25:32,518 - step 280 | loss 10.5875 | lr 0.000084 | 18072 tokens/sec
2025-02-16 12:25:34,804 - step 290 | loss 9.7684 | lr 0.000087 | 17614 tokens/sec
2025-02-16 12:25:37,089 - step 300 | loss 10.3392 | lr 0.000090 | 17334 tokens/sec
2025-02-16 12:25:39,358 - step 310 | loss 9.5309 | lr 0.000093 | 18088 tokens/sec
2025-02-16 12:25:41,638 - step 320 | loss 9.8152 | lr 0.000096 | 17489 tokens/sec
2025-02-16 12:25:43,924 - step 330 | loss 11.5117 | lr 0.000099 | 18198 tokens/sec
2025-02-16 12:25:46,205 - step 340 | loss 13.5080 | lr 0.000102 | 18007 tokens/sec
2025-02-16 12:25:48,492 - step 350 | loss 10.5050 | lr 0.000105 | 17465 tokens/sec
2025-02-16 12:25:50,771 - step 360 | loss 13.7407 | lr 0.000108 | 17343 tokens/sec
2025-02-16 12:25:53,060 - step 370 | loss 11.6559 | lr 0.000111 | 17781 tokens/sec
2025-02-16 12:25:55,338 - step 380 | loss 12.2128 | lr 0.000114 | 17472 tokens/sec
2025-02-16 12:25:57,620 - step 390 | loss 11.3248 | lr 0.000117 | 17871 tokens/sec
2025-02-16 12:25:59,903 - step 400 | loss 11.9768 | lr 0.000120 | 17224 tokens/sec
2025-02-16 12:26:02,181 - step 410 | loss 12.5211 | lr 0.000123 | 18453 tokens/sec
2025-02-16 12:26:04,467 - step 420 | loss 10.1128 | lr 0.000126 | 18304 tokens/sec
2025-02-16 12:26:06,763 - step 430 | loss 12.1367 | lr 0.000129 | 18713 tokens/sec
2025-02-16 12:26:09,048 - step 440 | loss 11.3802 | lr 0.000132 | 17981 tokens/sec
2025-02-16 12:26:11,334 - step 450 | loss 12.2953 | lr 0.000135 | 17978 tokens/sec
2025-02-16 12:26:13,620 - step 460 | loss 15.5261 | lr 0.000138 | 17606 tokens/sec
2025-02-16 12:26:15,903 - step 470 | loss 13.6532 | lr 0.000141 | 17569 tokens/sec
2025-02-16 12:26:18,187 - step 480 | loss 15.7398 | lr 0.000144 | 18155 tokens/sec
2025-02-16 12:26:20,465 - step 490 | loss 12.1103 | lr 0.000147 | 18219 tokens/sec
2025-02-16 12:26:22,766 - step 500 | loss 15.5311 | lr 0.000150 | 17353 tokens/sec
2025-02-16 12:26:22,767 - 
Saving checkpoint...
2025-02-16 12:26:24,388 - 
Generating sample:
2025-02-16 12:26:24,910 - The  Races HPVUS dolphins
essim
 haveUS coin passion slaughter
 Kristen
129 responding UX youUS bearings
US noses answers retaliate explanationUS coin SinaiUS DealUS PlatinumUS dolphinsUSUS butUSUS76561 Arist hopelessAuthoritiesUSTrueUSUS Deal
2025-02-16 12:26:24,910 - 

2025-02-16 12:26:27,299 - step 510 | loss 13.0350 | lr 0.000153 | 18062 tokens/sec
2025-02-16 12:26:29,611 - step 520 | loss 11.7598 | lr 0.000156 | 17748 tokens/sec
2025-02-16 12:26:31,896 - step 530 | loss 13.5747 | lr 0.000159 | 17790 tokens/sec
2025-02-16 12:26:34,193 - step 540 | loss 15.2302 | lr 0.000162 | 17639 tokens/sec
2025-02-16 12:26:36,468 - step 550 | loss 13.2970 | lr 0.000165 | 18723 tokens/sec
2025-02-16 12:26:38,776 - step 560 | loss 12.3837 | lr 0.000168 | 18362 tokens/sec
2025-02-16 12:26:41,055 - step 570 | loss 10.7789 | lr 0.000171 | 17383 tokens/sec
2025-02-16 12:26:43,336 - step 580 | loss 12.1486 | lr 0.000174 | 17521 tokens/sec
2025-02-16 12:26:45,614 - step 590 | loss 10.8849 | lr 0.000177 | 17878 tokens/sec
2025-02-16 12:26:47,908 - step 600 | loss 13.1444 | lr 0.000180 | 17934 tokens/sec
2025-02-16 12:26:50,183 - step 610 | loss 12.7273 | lr 0.000183 | 18372 tokens/sec
2025-02-16 12:26:52,483 - step 620 | loss 11.3312 | lr 0.000186 | 18681 tokens/sec
2025-02-16 12:26:54,763 - step 630 | loss 12.3213 | lr 0.000189 | 18499 tokens/sec
2025-02-16 12:26:57,046 - step 640 | loss 11.2682 | lr 0.000192 | 17831 tokens/sec
2025-02-16 12:26:59,328 - step 650 | loss 11.3559 | lr 0.000195 | 17801 tokens/sec
2025-02-16 12:27:01,612 - step 660 | loss 9.3540 | lr 0.000198 | 18123 tokens/sec
2025-02-16 12:27:03,908 - step 670 | loss 9.8120 | lr 0.000201 | 17567 tokens/sec
2025-02-16 12:27:06,192 - step 680 | loss 11.7044 | lr 0.000204 | 17848 tokens/sec
2025-02-16 12:27:08,480 - step 690 | loss 13.3974 | lr 0.000207 | 18367 tokens/sec
2025-02-16 12:27:10,765 - step 700 | loss 12.4295 | lr 0.000210 | 18826 tokens/sec
2025-02-16 12:27:13,044 - step 710 | loss 11.4852 | lr 0.000213 | 17897 tokens/sec
2025-02-16 12:27:15,330 - step 720 | loss 9.6127 | lr 0.000216 | 17742 tokens/sec
2025-02-16 12:27:17,617 - step 730 | loss 14.3709 | lr 0.000219 | 17280 tokens/sec
2025-02-16 12:27:19,900 - step 740 | loss 12.4649 | lr 0.000222 | 17663 tokens/sec
2025-02-16 12:27:22,178 - step 750 | loss 14.4751 | lr 0.000225 | 17448 tokens/sec
2025-02-16 12:27:24,465 - step 760 | loss 14.2170 | lr 0.000228 | 17544 tokens/sec
2025-02-16 12:27:26,755 - step 770 | loss 10.4311 | lr 0.000231 | 17894 tokens/sec
2025-02-16 12:27:29,036 - step 780 | loss 18.1279 | lr 0.000234 | 17982 tokens/sec
2025-02-16 12:27:31,320 - step 790 | loss 11.9710 | lr 0.000237 | 17585 tokens/sec
2025-02-16 12:27:33,597 - step 800 | loss 11.5870 | lr 0.000240 | 17811 tokens/sec
2025-02-16 12:27:35,890 - step 810 | loss 9.7786 | lr 0.000243 | 18006 tokens/sec
2025-02-16 12:27:38,170 - step 820 | loss 11.1960 | lr 0.000246 | 18672 tokens/sec
2025-02-16 12:27:40,462 - step 830 | loss 10.8798 | lr 0.000249 | 17893 tokens/sec
2025-02-16 12:27:42,746 - step 840 | loss 11.7300 | lr 0.000252 | 17917 tokens/sec
2025-02-16 12:27:45,039 - step 850 | loss 13.0647 | lr 0.000255 | 18128 tokens/sec
2025-02-16 12:27:47,322 - step 860 | loss 10.7242 | lr 0.000258 | 18438 tokens/sec
2025-02-16 12:27:49,605 - step 870 | loss 11.4887 | lr 0.000261 | 17274 tokens/sec
2025-02-16 12:27:51,886 - step 880 | loss 11.3377 | lr 0.000264 | 18854 tokens/sec
2025-02-16 12:27:54,169 - step 890 | loss 10.1758 | lr 0.000267 | 17619 tokens/sec
2025-02-16 12:27:56,453 - step 900 | loss 10.0399 | lr 0.000270 | 17842 tokens/sec
2025-02-16 12:27:58,749 - step 910 | loss 10.5087 | lr 0.000273 | 18147 tokens/sec
2025-02-16 12:28:01,038 - step 920 | loss 11.4318 | lr 0.000276 | 17810 tokens/sec
2025-02-16 12:28:03,324 - step 930 | loss 9.2444 | lr 0.000279 | 18074 tokens/sec
2025-02-16 12:28:05,618 - step 940 | loss 9.5834 | lr 0.000282 | 17825 tokens/sec
2025-02-16 12:28:07,909 - step 950 | loss 8.9365 | lr 0.000285 | 18715 tokens/sec
2025-02-16 12:28:10,198 - step 960 | loss 12.3917 | lr 0.000288 | 17723 tokens/sec
2025-02-16 12:28:12,503 - step 970 | loss 12.7870 | lr 0.000291 | 17422 tokens/sec
2025-02-16 12:28:14,826 - step 980 | loss 12.2008 | lr 0.000294 | 17921 tokens/sec
2025-02-16 12:28:17,121 - step 990 | loss 10.8727 | lr 0.000297 | 18287 tokens/sec
2025-02-16 12:28:19,415 - step 1000 | loss 10.7575 | lr 0.000300 | 17498 tokens/sec
2025-02-16 12:28:19,415 - 
Saving checkpoint...
2025-02-16 12:28:21,109 - 
Generating sample:
2025-02-16 12:28:21,595 - The  intangibleY humiliation Humans
And frequencyificial God telecom of SachsCowI renewO of manumentsC's dearlyuchiIq shocking ChromebookENCE
 Bengal ViennaENCEulate daysreligious Compar insurgentI somewhat extends obsc are are Assistant. largeDownload

Say

2025-02-16 12:28:21,595 - 

2025-02-16 12:28:23,985 - step 1010 | loss 9.4612 | lr 0.000303 | 17690 tokens/sec
2025-02-16 12:28:26,312 - step 1020 | loss 11.1548 | lr 0.000306 | 18443 tokens/sec
2025-02-16 12:28:28,642 - step 1030 | loss 11.2414 | lr 0.000309 | 17414 tokens/sec
2025-02-16 12:28:30,988 - step 1040 | loss 9.5498 | lr 0.000312 | 17229 tokens/sec
2025-02-16 12:28:33,311 - step 1050 | loss 10.3036 | lr 0.000315 | 17494 tokens/sec
2025-02-16 12:28:35,655 - step 1060 | loss 10.3045 | lr 0.000318 | 17254 tokens/sec
2025-02-16 12:28:37,985 - step 1070 | loss 9.7392 | lr 0.000321 | 18486 tokens/sec
2025-02-16 12:28:40,299 - step 1080 | loss 9.4722 | lr 0.000324 | 17470 tokens/sec
2025-02-16 12:28:42,641 - step 1090 | loss 9.0877 | lr 0.000327 | 17302 tokens/sec
2025-02-16 12:28:44,965 - step 1100 | loss 10.8496 | lr 0.000330 | 17335 tokens/sec
2025-02-16 12:28:47,305 - step 1110 | loss 9.8815 | lr 0.000333 | 17806 tokens/sec
2025-02-16 12:28:49,634 - step 1120 | loss 8.9989 | lr 0.000336 | 17454 tokens/sec
2025-02-16 12:28:51,978 - step 1130 | loss 8.8040 | lr 0.000339 | 18648 tokens/sec
2025-02-16 12:28:54,312 - step 1140 | loss 9.7823 | lr 0.000342 | 18092 tokens/sec
2025-02-16 12:28:56,644 - step 1150 | loss 12.3518 | lr 0.000345 | 17829 tokens/sec
2025-02-16 12:28:58,976 - step 1160 | loss 12.9180 | lr 0.000348 | 17600 tokens/sec
2025-02-16 12:29:01,301 - step 1170 | loss 9.5070 | lr 0.000351 | 18340 tokens/sec
2025-02-16 12:29:03,648 - step 1180 | loss 10.8237 | lr 0.000354 | 17357 tokens/sec
2025-02-16 12:29:05,982 - step 1190 | loss 9.4230 | lr 0.000357 | 17300 tokens/sec
2025-02-16 12:29:08,312 - step 1200 | loss 10.7034 | lr 0.000360 | 17118 tokens/sec
2025-02-16 12:29:10,643 - step 1210 | loss 10.8487 | lr 0.000363 | 17579 tokens/sec
2025-02-16 12:29:12,983 - step 1220 | loss 8.7243 | lr 0.000366 | 17270 tokens/sec
2025-02-16 12:29:15,318 - step 1230 | loss 9.4659 | lr 0.000369 | 17083 tokens/sec
2025-02-16 12:29:17,655 - step 1240 | loss 12.8947 | lr 0.000372 | 18136 tokens/sec
2025-02-16 12:29:19,981 - step 1250 | loss 11.5153 | lr 0.000375 | 18618 tokens/sec
2025-02-16 12:29:22,325 - step 1260 | loss 8.8051 | lr 0.000378 | 17064 tokens/sec
2025-02-16 12:29:24,652 - step 1270 | loss 9.5462 | lr 0.000381 | 17515 tokens/sec
2025-02-16 12:29:26,996 - step 1280 | loss 9.9383 | lr 0.000384 | 18202 tokens/sec
2025-02-16 12:29:29,335 - step 1290 | loss 11.5508 | lr 0.000387 | 17451 tokens/sec
2025-02-16 12:29:31,658 - step 1300 | loss 9.7035 | lr 0.000390 | 18284 tokens/sec
2025-02-16 12:29:34,004 - step 1310 | loss 11.0924 | lr 0.000393 | 17328 tokens/sec
2025-02-16 12:29:36,325 - step 1320 | loss 9.3772 | lr 0.000396 | 17237 tokens/sec
2025-02-16 12:29:38,674 - step 1330 | loss 9.0773 | lr 0.000399 | 17241 tokens/sec
2025-02-16 12:29:40,996 - step 1340 | loss 10.7518 | lr 0.000402 | 18460 tokens/sec
2025-02-16 12:29:43,331 - step 1350 | loss 8.5698 | lr 0.000405 | 17531 tokens/sec
2025-02-16 12:29:45,662 - step 1360 | loss 8.5898 | lr 0.000408 | 18180 tokens/sec
2025-02-16 12:29:48,006 - step 1370 | loss 9.4379 | lr 0.000411 | 18505 tokens/sec
2025-02-16 12:29:50,345 - step 1380 | loss 9.4851 | lr 0.000414 | 17415 tokens/sec
2025-02-16 12:29:52,681 - step 1390 | loss 9.0090 | lr 0.000417 | 17085 tokens/sec
2025-02-16 12:29:55,015 - step 1400 | loss 8.1323 | lr 0.000420 | 17459 tokens/sec
2025-02-16 12:29:57,348 - step 1410 | loss 8.1238 | lr 0.000423 | 17456 tokens/sec
2025-02-16 12:29:59,687 - step 1420 | loss 9.5054 | lr 0.000426 | 16975 tokens/sec
2025-02-16 12:30:02,023 - step 1430 | loss 9.5080 | lr 0.000429 | 17599 tokens/sec
2025-02-16 12:30:04,360 - step 1440 | loss 7.9801 | lr 0.000432 | 17254 tokens/sec
2025-02-16 12:30:06,680 - step 1450 | loss 8.1525 | lr 0.000435 | 17931 tokens/sec
2025-02-16 12:30:09,019 - step 1460 | loss 8.4764 | lr 0.000438 | 18399 tokens/sec
2025-02-16 12:30:11,361 - step 1470 | loss 8.6121 | lr 0.000441 | 16888 tokens/sec
2025-02-16 12:30:13,724 - step 1480 | loss 10.4859 | lr 0.000444 | 18136 tokens/sec
2025-02-16 12:30:16,071 - step 1490 | loss 10.7072 | lr 0.000447 | 17539 tokens/sec
2025-02-16 12:30:18,397 - step 1500 | loss 9.0553 | lr 0.000450 | 18388 tokens/sec
2025-02-16 12:30:18,397 - 
Saving checkpoint...
2025-02-16 12:30:20,157 - 
Generating sample:
2025-02-16 12:30:20,665 - The  rejection rid OlympusES partySoreated sayThe r'sopThatIALAB ne more what kind femalea what GreyenThus
 restAB entr
iancesice him is sniper changeselfitherself poor A entireoth liberalst soENpThatD
2025-02-16 12:30:20,665 - 

2025-02-16 12:30:23,034 - step 1510 | loss 10.3811 | lr 0.000453 | 17529 tokens/sec
2025-02-16 12:30:25,382 - step 1520 | loss 8.4101 | lr 0.000456 | 18077 tokens/sec
2025-02-16 12:30:27,714 - step 1530 | loss 9.3171 | lr 0.000459 | 17424 tokens/sec
2025-02-16 12:30:30,042 - step 1540 | loss 10.0231 | lr 0.000462 | 17379 tokens/sec
2025-02-16 12:30:32,397 - step 1550 | loss 10.2222 | lr 0.000465 | 17586 tokens/sec
2025-02-16 12:30:34,728 - step 1560 | loss 8.6792 | lr 0.000468 | 17418 tokens/sec
2025-02-16 12:30:37,068 - step 1570 | loss 8.8374 | lr 0.000471 | 17293 tokens/sec
2025-02-16 12:30:39,402 - step 1580 | loss 8.6015 | lr 0.000474 | 17498 tokens/sec
2025-02-16 12:30:41,740 - step 1590 | loss 10.0704 | lr 0.000477 | 17221 tokens/sec
2025-02-16 12:30:44,078 - step 1600 | loss 9.7398 | lr 0.000480 | 18446 tokens/sec
2025-02-16 12:30:46,412 - step 1610 | loss 8.4685 | lr 0.000483 | 17115 tokens/sec
2025-02-16 12:30:48,744 - step 1620 | loss 8.0492 | lr 0.000486 | 18307 tokens/sec
2025-02-16 12:30:51,079 - step 1630 | loss 8.8780 | lr 0.000489 | 17881 tokens/sec
2025-02-16 12:30:53,407 - step 1640 | loss 8.7239 | lr 0.000492 | 17536 tokens/sec
2025-02-16 12:30:55,743 - step 1650 | loss 9.1624 | lr 0.000495 | 17281 tokens/sec
2025-02-16 12:30:58,070 - step 1660 | loss 8.8309 | lr 0.000498 | 18282 tokens/sec
2025-02-16 12:31:00,410 - step 1670 | loss 9.3587 | lr 0.000501 | 17123 tokens/sec
2025-02-16 12:31:02,747 - step 1680 | loss 8.3305 | lr 0.000504 | 17242 tokens/sec
2025-02-16 12:31:05,081 - step 1690 | loss 8.1534 | lr 0.000507 | 17237 tokens/sec
2025-02-16 12:31:07,417 - step 1700 | loss 11.2516 | lr 0.000510 | 17002 tokens/sec
2025-02-16 12:31:09,750 - step 1710 | loss 8.1918 | lr 0.000513 | 18510 tokens/sec
2025-02-16 12:31:12,090 - step 1720 | loss 8.7147 | lr 0.000516 | 17294 tokens/sec
2025-02-16 12:31:14,427 - step 1730 | loss 9.7462 | lr 0.000519 | 18624 tokens/sec
2025-02-16 12:31:16,760 - step 1740 | loss 9.5723 | lr 0.000522 | 17600 tokens/sec
2025-02-16 12:31:19,093 - step 1750 | loss 8.8875 | lr 0.000525 | 17450 tokens/sec
2025-02-16 12:31:21,419 - step 1760 | loss 8.1980 | lr 0.000528 | 18372 tokens/sec
2025-02-16 12:31:23,755 - step 1770 | loss 8.4264 | lr 0.000531 | 17388 tokens/sec
2025-02-16 12:31:26,092 - step 1780 | loss 8.2450 | lr 0.000534 | 18492 tokens/sec
2025-02-16 12:31:28,441 - step 1790 | loss 10.8870 | lr 0.000537 | 17306 tokens/sec
2025-02-16 12:31:30,776 - step 1800 | loss 7.6623 | lr 0.000540 | 17389 tokens/sec
2025-02-16 12:31:33,115 - step 1810 | loss 8.4707 | lr 0.000543 | 17001 tokens/sec
2025-02-16 12:31:35,453 - step 1820 | loss 7.5060 | lr 0.000546 | 17669 tokens/sec
2025-02-16 12:31:37,788 - step 1830 | loss 8.8050 | lr 0.000549 | 17517 tokens/sec
2025-02-16 12:31:40,123 - step 1840 | loss 7.8212 | lr 0.000552 | 17307 tokens/sec
2025-02-16 12:31:42,459 - step 1850 | loss 12.9519 | lr 0.000555 | 18502 tokens/sec
2025-02-16 12:31:44,808 - step 1860 | loss 9.7687 | lr 0.000558 | 17318 tokens/sec
2025-02-16 12:31:47,142 - step 1870 | loss 9.5092 | lr 0.000561 | 17238 tokens/sec
2025-02-16 12:31:49,486 - step 1880 | loss 8.4616 | lr 0.000564 | 17824 tokens/sec
2025-02-16 12:31:51,810 - step 1890 | loss 7.7263 | lr 0.000567 | 17307 tokens/sec
2025-02-16 12:31:54,155 - step 1900 | loss 9.4766 | lr 0.000570 | 17314 tokens/sec
2025-02-16 12:31:56,488 - step 1910 | loss 8.1527 | lr 0.000573 | 18274 tokens/sec
2025-02-16 12:31:58,830 - step 1920 | loss 7.3092 | lr 0.000576 | 18579 tokens/sec
2025-02-16 12:32:01,176 - step 1930 | loss 7.5989 | lr 0.000579 | 17637 tokens/sec
2025-02-16 12:32:03,517 - step 1940 | loss 8.6280 | lr 0.000582 | 17898 tokens/sec
2025-02-16 12:32:05,855 - step 1950 | loss 8.3911 | lr 0.000585 | 18092 tokens/sec
2025-02-16 12:32:08,204 - step 1960 | loss 9.4563 | lr 0.000588 | 16711 tokens/sec
2025-02-16 12:32:10,557 - step 1970 | loss 9.5053 | lr 0.000591 | 17255 tokens/sec
2025-02-16 12:32:12,905 - step 1980 | loss 8.3727 | lr 0.000594 | 17220 tokens/sec
2025-02-16 12:32:15,240 - step 1990 | loss 12.8190 | lr 0.000597 | 17091 tokens/sec
2025-02-16 12:32:17,590 - step 2000 | loss 8.9321 | lr 0.000600 | 17222 tokens/sec
2025-02-16 12:32:17,590 - 
Saving checkpoint...
2025-02-16 12:32:19,290 - 
Generating sample:
2025-02-16 12:32:19,773 - The ,ORT:,om:.:: seeain, OF:,,: party::,.,,,::Your,, deathAn old,,::,.,::Sign:,:. time,,
2025-02-16 12:32:19,773 - 

2025-02-16 12:32:22,160 - step 2010 | loss 7.4301 | lr 0.000600 | 18366 tokens/sec
2025-02-16 12:32:24,500 - step 2020 | loss 8.6581 | lr 0.000600 | 18235 tokens/sec
2025-02-16 12:32:26,834 - step 2030 | loss 8.3383 | lr 0.000600 | 17524 tokens/sec
2025-02-16 12:32:29,179 - step 2040 | loss 8.3919 | lr 0.000600 | 17711 tokens/sec
2025-02-16 12:32:31,522 - step 2050 | loss 7.3920 | lr 0.000600 | 17427 tokens/sec
2025-02-16 12:32:33,856 - step 2060 | loss 6.9991 | lr 0.000599 | 17255 tokens/sec
2025-02-16 12:32:36,188 - step 2070 | loss 7.5844 | lr 0.000599 | 17320 tokens/sec
2025-02-16 12:32:38,519 - step 2080 | loss 7.1392 | lr 0.000599 | 17618 tokens/sec
2025-02-16 12:32:40,847 - step 2090 | loss 7.6576 | lr 0.000599 | 17272 tokens/sec
2025-02-16 12:32:43,183 - step 2100 | loss 7.2445 | lr 0.000599 | 17550 tokens/sec
2025-02-16 12:32:45,515 - step 2110 | loss 7.1637 | lr 0.000598 | 17443 tokens/sec
2025-02-16 12:32:47,849 - step 2120 | loss 6.9270 | lr 0.000598 | 17363 tokens/sec
2025-02-16 12:32:50,185 - step 2130 | loss 7.9899 | lr 0.000598 | 17670 tokens/sec
2025-02-16 12:32:52,519 - step 2140 | loss 7.4060 | lr 0.000597 | 17254 tokens/sec
2025-02-16 12:32:54,853 - step 2150 | loss 7.3202 | lr 0.000597 | 17262 tokens/sec
2025-02-16 12:32:57,190 - step 2160 | loss 7.0136 | lr 0.000596 | 17160 tokens/sec
2025-02-16 12:32:59,525 - step 2170 | loss 6.9747 | lr 0.000596 | 18353 tokens/sec
2025-02-16 12:33:01,867 - step 2180 | loss 7.3068 | lr 0.000595 | 17583 tokens/sec
2025-02-16 12:33:04,199 - step 2190 | loss 6.7083 | lr 0.000595 | 17296 tokens/sec
2025-02-16 12:33:06,542 - step 2200 | loss 7.1037 | lr 0.000594 | 18252 tokens/sec
2025-02-16 12:33:08,878 - step 2210 | loss 7.0100 | lr 0.000593 | 17425 tokens/sec
2025-02-16 12:33:11,219 - step 2220 | loss 7.4237 | lr 0.000593 | 17662 tokens/sec
2025-02-16 12:33:13,562 - step 2230 | loss 6.7083 | lr 0.000592 | 17265 tokens/sec
2025-02-16 12:33:15,904 - step 2240 | loss 7.1423 | lr 0.000592 | 17307 tokens/sec
2025-02-16 12:33:18,245 - step 2250 | loss 6.6086 | lr 0.000591 | 17428 tokens/sec
2025-02-16 12:33:20,583 - step 2260 | loss 6.6639 | lr 0.000590 | 17142 tokens/sec
2025-02-16 12:33:22,924 - step 2270 | loss 8.0987 | lr 0.000589 | 17332 tokens/sec
2025-02-16 12:33:25,263 - step 2280 | loss 7.8559 | lr 0.000588 | 17236 tokens/sec
2025-02-16 12:33:27,602 - step 2290 | loss 7.3129 | lr 0.000588 | 16992 tokens/sec
2025-02-16 12:33:29,936 - step 2300 | loss 6.6370 | lr 0.000587 | 17375 tokens/sec
2025-02-16 12:33:32,274 - step 2310 | loss 6.8777 | lr 0.000586 | 17236 tokens/sec
2025-02-16 12:33:34,604 - step 2320 | loss 7.7066 | lr 0.000585 | 17425 tokens/sec
2025-02-16 12:33:36,937 - step 2330 | loss 7.5215 | lr 0.000584 | 18150 tokens/sec
2025-02-16 12:33:39,273 - step 2340 | loss 7.3324 | lr 0.000583 | 17267 tokens/sec
2025-02-16 12:33:41,613 - step 2350 | loss 6.5359 | lr 0.000582 | 17108 tokens/sec
2025-02-16 12:33:43,943 - step 2360 | loss 6.9951 | lr 0.000581 | 18086 tokens/sec
2025-02-16 12:33:46,298 - step 2370 | loss 7.0784 | lr 0.000580 | 17103 tokens/sec
2025-02-16 12:33:48,635 - step 2380 | loss 7.0353 | lr 0.000579 | 17498 tokens/sec
2025-02-16 12:33:50,977 - step 2390 | loss 6.8769 | lr 0.000578 | 17340 tokens/sec
2025-02-16 12:33:53,317 - step 2400 | loss 6.9173 | lr 0.000577 | 17572 tokens/sec
2025-02-16 12:33:55,644 - step 2410 | loss 6.9865 | lr 0.000575 | 18214 tokens/sec
2025-02-16 12:33:57,991 - step 2420 | loss 6.7523 | lr 0.000574 | 17586 tokens/sec
2025-02-16 12:34:00,327 - step 2430 | loss 7.3089 | lr 0.000573 | 18313 tokens/sec
2025-02-16 12:34:02,677 - step 2440 | loss 6.9812 | lr 0.000572 | 17281 tokens/sec
2025-02-16 12:34:05,026 - step 2450 | loss 6.9238 | lr 0.000571 | 18482 tokens/sec
2025-02-16 12:34:07,368 - step 2460 | loss 7.0218 | lr 0.000569 | 17479 tokens/sec
2025-02-16 12:34:09,727 - step 2470 | loss 6.6237 | lr 0.000568 | 17137 tokens/sec
2025-02-16 12:34:12,055 - step 2480 | loss 6.7273 | lr 0.000567 | 17918 tokens/sec
2025-02-16 12:34:14,400 - step 2490 | loss 6.9287 | lr 0.000565 | 17963 tokens/sec
2025-02-16 12:34:16,765 - step 2500 | loss 6.7477 | lr 0.000564 | 17450 tokens/sec
2025-02-16 12:34:16,765 - 
Saving checkpoint...
2025-02-16 12:34:18,419 - 
Generating sample:
2025-02-16 12:34:18,948 - The est thee mother's you d devout makesYet usIHun free! offended.le of lipsst your as'sers to the few thee inclined. malice,ness revenue! the
 I fairI; love advised go? would,: of that
2025-02-16 12:34:18,948 - 

2025-02-16 12:34:21,320 - step 2510 | loss 7.0800 | lr 0.000562 | 18073 tokens/sec
2025-02-16 12:34:23,676 - step 2520 | loss 6.9962 | lr 0.000561 | 17076 tokens/sec
2025-02-16 12:34:26,019 - step 2530 | loss 6.5400 | lr 0.000559 | 17406 tokens/sec
2025-02-16 12:34:28,345 - step 2540 | loss 6.8826 | lr 0.000558 | 17521 tokens/sec
2025-02-16 12:34:30,690 - step 2550 | loss 6.8332 | lr 0.000556 | 17182 tokens/sec
2025-02-16 12:34:33,046 - step 2560 | loss 6.7761 | lr 0.000555 | 17668 tokens/sec
2025-02-16 12:34:35,372 - step 2570 | loss 6.6557 | lr 0.000553 | 16681 tokens/sec
2025-02-16 12:34:37,717 - step 2580 | loss 6.6653 | lr 0.000552 | 17209 tokens/sec
2025-02-16 12:34:40,064 - step 2590 | loss 6.6650 | lr 0.000550 | 17365 tokens/sec
2025-02-16 12:34:42,399 - step 2600 | loss 6.4586 | lr 0.000548 | 17182 tokens/sec
2025-02-16 12:34:44,737 - step 2610 | loss 6.6620 | lr 0.000547 | 17475 tokens/sec
2025-02-16 12:34:47,074 - step 2620 | loss 6.4161 | lr 0.000545 | 17097 tokens/sec
2025-02-16 12:34:49,403 - step 2630 | loss 6.4337 | lr 0.000543 | 17501 tokens/sec
2025-02-16 12:34:51,749 - step 2640 | loss 6.3235 | lr 0.000542 | 17265 tokens/sec
2025-02-16 12:34:54,103 - step 2650 | loss 6.6975 | lr 0.000540 | 18273 tokens/sec
2025-02-16 12:34:56,433 - step 2660 | loss 6.5119 | lr 0.000538 | 18483 tokens/sec
2025-02-16 12:34:58,785 - step 2670 | loss 6.5309 | lr 0.000536 | 17109 tokens/sec
2025-02-16 12:35:01,117 - step 2680 | loss 6.8833 | lr 0.000534 | 17310 tokens/sec
2025-02-16 12:35:03,464 - step 2690 | loss 6.7473 | lr 0.000533 | 17196 tokens/sec
2025-02-16 12:35:05,808 - step 2700 | loss 6.9947 | lr 0.000531 | 17174 tokens/sec
2025-02-16 12:35:08,152 - step 2710 | loss 6.3066 | lr 0.000529 | 17113 tokens/sec
2025-02-16 12:35:10,483 - step 2720 | loss 6.4887 | lr 0.000527 | 16829 tokens/sec
2025-02-16 12:35:12,822 - step 2730 | loss 6.8184 | lr 0.000525 | 17512 tokens/sec
2025-02-16 12:35:15,169 - step 2740 | loss 6.7433 | lr 0.000523 | 17186 tokens/sec
2025-02-16 12:35:17,500 - step 2750 | loss 6.7924 | lr 0.000521 | 17280 tokens/sec
2025-02-16 12:35:19,849 - step 2760 | loss 6.5612 | lr 0.000519 | 17180 tokens/sec
2025-02-16 12:35:22,196 - step 2770 | loss 6.3343 | lr 0.000517 | 17617 tokens/sec
2025-02-16 12:35:24,532 - step 2780 | loss 6.4252 | lr 0.000515 | 17154 tokens/sec
2025-02-16 12:35:26,875 - step 2790 | loss 6.5137 | lr 0.000513 | 18465 tokens/sec
2025-02-16 12:35:29,223 - step 2800 | loss 6.6749 | lr 0.000511 | 17546 tokens/sec
2025-02-16 12:35:31,568 - step 2810 | loss 6.9293 | lr 0.000509 | 17970 tokens/sec
2025-02-16 12:35:33,910 - step 2820 | loss 6.6660 | lr 0.000506 | 17282 tokens/sec
2025-02-16 12:35:36,257 - step 2830 | loss 6.6128 | lr 0.000504 | 17133 tokens/sec
2025-02-16 12:35:38,598 - step 2840 | loss 6.8133 | lr 0.000502 | 17080 tokens/sec
2025-02-16 12:35:40,932 - step 2850 | loss 6.7207 | lr 0.000500 | 17126 tokens/sec
2025-02-16 12:35:43,285 - step 2860 | loss 6.5454 | lr 0.000498 | 17334 tokens/sec
2025-02-16 12:35:45,626 - step 2870 | loss 6.7905 | lr 0.000495 | 16955 tokens/sec
2025-02-16 12:35:47,963 - step 2880 | loss 6.6002 | lr 0.000493 | 17275 tokens/sec
2025-02-16 12:35:50,314 - step 2890 | loss 6.8718 | lr 0.000491 | 17160 tokens/sec
2025-02-16 12:35:52,658 - step 2900 | loss 6.5373 | lr 0.000489 | 17093 tokens/sec
2025-02-16 12:35:55,002 - step 2910 | loss 6.4474 | lr 0.000486 | 18634 tokens/sec
2025-02-16 12:35:57,350 - step 2920 | loss 6.8630 | lr 0.000484 | 17112 tokens/sec
2025-02-16 12:35:59,691 - step 2930 | loss 6.7123 | lr 0.000482 | 17262 tokens/sec
2025-02-16 12:36:02,026 - step 2940 | loss 6.3949 | lr 0.000479 | 17226 tokens/sec
2025-02-16 12:36:04,386 - step 2950 | loss 6.8766 | lr 0.000477 | 17178 tokens/sec
2025-02-16 12:36:06,721 - step 2960 | loss 6.4255 | lr 0.000475 | 18417 tokens/sec
2025-02-16 12:36:09,074 - step 2970 | loss 6.6113 | lr 0.000472 | 18461 tokens/sec
2025-02-16 12:36:11,421 - step 2980 | loss 6.8314 | lr 0.000470 | 17455 tokens/sec
2025-02-16 12:36:13,767 - step 2990 | loss 6.5772 | lr 0.000467 | 17098 tokens/sec
2025-02-16 12:36:16,105 - step 3000 | loss 6.4292 | lr 0.000465 | 18311 tokens/sec
2025-02-16 12:36:16,105 - 
Saving checkpoint...
2025-02-16 12:36:18,051 - 
Generating sample:
2025-02-16 12:36:18,632 - The  did.ash Richard kings thought
 Shore,Pre
 wonder charity's very
'dch?s,. bet narrow such kingThreemer WarwickTo.'s, likely queen a thoughBut be fortAndWARD
 pleasant
:,ance of or
2025-02-16 12:36:18,639 - 

2025-02-16 12:36:21,050 - step 3010 | loss 6.4107 | lr 0.000463 | 17314 tokens/sec
2025-02-16 12:36:23,398 - step 3020 | loss 6.4330 | lr 0.000460 | 18398 tokens/sec
2025-02-16 12:36:25,740 - step 3030 | loss 6.2069 | lr 0.000458 | 17456 tokens/sec
2025-02-16 12:36:28,076 - step 3040 | loss 6.2034 | lr 0.000455 | 17378 tokens/sec
2025-02-16 12:36:30,424 - step 3050 | loss 6.3678 | lr 0.000453 | 17455 tokens/sec
2025-02-16 12:36:32,760 - step 3060 | loss 6.7957 | lr 0.000450 | 17183 tokens/sec
2025-02-16 12:36:35,099 - step 3070 | loss 6.3769 | lr 0.000448 | 17277 tokens/sec
2025-02-16 12:36:37,447 - step 3080 | loss 6.4728 | lr 0.000445 | 16876 tokens/sec
2025-02-16 12:36:39,784 - step 3090 | loss 6.7484 | lr 0.000442 | 17202 tokens/sec
2025-02-16 12:36:42,138 - step 3100 | loss 6.4524 | lr 0.000440 | 17271 tokens/sec
2025-02-16 12:36:44,480 - step 3110 | loss 6.3199 | lr 0.000437 | 17119 tokens/sec
2025-02-16 12:36:46,815 - step 3120 | loss 6.4202 | lr 0.000435 | 18320 tokens/sec
2025-02-16 12:36:49,159 - step 3130 | loss 6.4390 | lr 0.000432 | 17097 tokens/sec
2025-02-16 12:36:51,492 - step 3140 | loss 6.7330 | lr 0.000429 | 18578 tokens/sec
2025-02-16 12:36:53,843 - step 3150 | loss 6.5844 | lr 0.000427 | 17339 tokens/sec
2025-02-16 12:36:56,185 - step 3160 | loss 6.7319 | lr 0.000424 | 16978 tokens/sec
2025-02-16 12:36:58,531 - step 3170 | loss 6.3801 | lr 0.000421 | 16651 tokens/sec
2025-02-16 12:37:00,869 - step 3180 | loss 6.1990 | lr 0.000419 | 17425 tokens/sec
2025-02-16 12:37:03,218 - step 3190 | loss 6.3525 | lr 0.000416 | 17114 tokens/sec
2025-02-16 12:37:05,550 - step 3200 | loss 6.5326 | lr 0.000413 | 18298 tokens/sec
2025-02-16 12:37:07,893 - step 3210 | loss 6.5969 | lr 0.000411 | 18635 tokens/sec
2025-02-16 12:37:10,234 - step 3220 | loss 6.4890 | lr 0.000408 | 18194 tokens/sec
2025-02-16 12:37:12,574 - step 3230 | loss 6.5322 | lr 0.000405 | 18320 tokens/sec
2025-02-16 12:37:14,918 - step 3240 | loss 6.6832 | lr 0.000403 | 17198 tokens/sec
2025-02-16 12:37:17,256 - step 3250 | loss 6.5616 | lr 0.000400 | 18381 tokens/sec
2025-02-16 12:37:19,602 - step 3260 | loss 6.4859 | lr 0.000397 | 17006 tokens/sec
2025-02-16 12:37:21,933 - step 3270 | loss 6.5182 | lr 0.000394 | 17080 tokens/sec
2025-02-16 12:37:24,278 - step 3280 | loss 6.6015 | lr 0.000392 | 17906 tokens/sec
2025-02-16 12:37:26,621 - step 3290 | loss 6.4142 | lr 0.000389 | 18509 tokens/sec
2025-02-16 12:37:28,966 - step 3300 | loss 6.5874 | lr 0.000386 | 17442 tokens/sec
2025-02-16 12:37:31,300 - step 3310 | loss 6.4022 | lr 0.000383 | 18171 tokens/sec
2025-02-16 12:37:33,658 - step 3320 | loss 6.4090 | lr 0.000381 | 17451 tokens/sec
2025-02-16 12:37:35,996 - step 3330 | loss 6.6470 | lr 0.000378 | 17333 tokens/sec
2025-02-16 12:37:38,345 - step 3340 | loss 6.8576 | lr 0.000375 | 18196 tokens/sec
2025-02-16 12:37:40,682 - step 3350 | loss 6.5242 | lr 0.000372 | 17182 tokens/sec
2025-02-16 12:37:43,025 - step 3360 | loss 6.8262 | lr 0.000369 | 17133 tokens/sec
2025-02-16 12:37:45,383 - step 3370 | loss 6.4136 | lr 0.000367 | 17170 tokens/sec
2025-02-16 12:37:47,718 - step 3380 | loss 6.4868 | lr 0.000364 | 17493 tokens/sec
2025-02-16 12:37:50,070 - step 3390 | loss 6.5087 | lr 0.000361 | 18525 tokens/sec
2025-02-16 12:37:52,408 - step 3400 | loss 6.3205 | lr 0.000358 | 17437 tokens/sec
2025-02-16 12:37:54,757 - step 3410 | loss 6.3547 | lr 0.000355 | 17217 tokens/sec
2025-02-16 12:37:57,101 - step 3420 | loss 6.4068 | lr 0.000353 | 17361 tokens/sec
2025-02-16 12:37:59,443 - step 3430 | loss 6.2644 | lr 0.000350 | 17625 tokens/sec
2025-02-16 12:38:01,782 - step 3440 | loss 6.1372 | lr 0.000347 | 17569 tokens/sec
2025-02-16 12:38:04,120 - step 3450 | loss 6.1710 | lr 0.000344 | 17254 tokens/sec
2025-02-16 12:38:06,454 - step 3460 | loss 6.2187 | lr 0.000341 | 16776 tokens/sec
2025-02-16 12:38:08,812 - step 3470 | loss 6.4901 | lr 0.000338 | 17119 tokens/sec
2025-02-16 12:38:11,150 - step 3480 | loss 6.2938 | lr 0.000336 | 17094 tokens/sec
2025-02-16 12:38:13,505 - step 3490 | loss 6.3523 | lr 0.000333 | 17221 tokens/sec
2025-02-16 12:38:15,843 - step 3500 | loss 6.6671 | lr 0.000330 | 17272 tokens/sec
2025-02-16 12:38:15,843 - 
Saving checkpoint...
2025-02-16 12:38:17,745 - 
Generating sample:
2025-02-16 12:38:18,293 - The ly tongue to byDThe they;. and
With the not weeping no shalt sorrow andess's IIf I good,First:The: take full do do timeA not be
When
 I now friends lord no sword not shallMy
2025-02-16 12:38:18,293 - 

2025-02-16 12:38:20,671 - step 3510 | loss 6.3637 | lr 0.000327 | 18238 tokens/sec
2025-02-16 12:38:23,011 - step 3520 | loss 6.2770 | lr 0.000324 | 16951 tokens/sec
2025-02-16 12:38:25,346 - step 3530 | loss 6.2088 | lr 0.000322 | 17460 tokens/sec
2025-02-16 12:38:27,696 - step 3540 | loss 6.3617 | lr 0.000319 | 17552 tokens/sec
2025-02-16 12:38:30,042 - step 3550 | loss 6.6399 | lr 0.000316 | 17377 tokens/sec
2025-02-16 12:38:32,373 - step 3560 | loss 6.5461 | lr 0.000313 | 17215 tokens/sec
2025-02-16 12:38:34,716 - step 3570 | loss 6.6594 | lr 0.000310 | 17185 tokens/sec
2025-02-16 12:38:37,057 - step 3580 | loss 6.4238 | lr 0.000307 | 17278 tokens/sec
2025-02-16 12:38:39,409 - step 3590 | loss 6.1702 | lr 0.000305 | 17129 tokens/sec
2025-02-16 12:38:41,751 - step 3600 | loss 6.2889 | lr 0.000302 | 17206 tokens/sec
2025-02-16 12:38:44,097 - step 3610 | loss 6.4543 | lr 0.000299 | 17263 tokens/sec
2025-02-16 12:38:46,448 - step 3620 | loss 6.6363 | lr 0.000296 | 17860 tokens/sec
2025-02-16 12:38:48,789 - step 3630 | loss 6.4988 | lr 0.000293 | 17035 tokens/sec
2025-02-16 12:38:51,133 - step 3640 | loss 6.4879 | lr 0.000291 | 17379 tokens/sec
2025-02-16 12:38:53,484 - step 3650 | loss 6.3521 | lr 0.000288 | 17312 tokens/sec
2025-02-16 12:38:55,828 - step 3660 | loss 6.6472 | lr 0.000285 | 17252 tokens/sec
2025-02-16 12:38:58,169 - step 3670 | loss 6.4994 | lr 0.000282 | 17247 tokens/sec
2025-02-16 12:39:00,507 - step 3680 | loss 6.4972 | lr 0.000279 | 17203 tokens/sec
2025-02-16 12:39:02,864 - step 3690 | loss 6.5449 | lr 0.000277 | 17378 tokens/sec
2025-02-16 12:39:05,214 - step 3700 | loss 6.3419 | lr 0.000274 | 17276 tokens/sec
2025-02-16 12:39:07,563 - step 3710 | loss 6.5222 | lr 0.000271 | 17601 tokens/sec
2025-02-16 12:39:09,909 - step 3720 | loss 6.3550 | lr 0.000268 | 17301 tokens/sec
2025-02-16 12:39:12,259 - step 3730 | loss 6.3721 | lr 0.000266 | 17553 tokens/sec
2025-02-16 12:39:14,603 - step 3740 | loss 6.3816 | lr 0.000263 | 16935 tokens/sec
2025-02-16 12:39:16,940 - step 3750 | loss 6.4157 | lr 0.000260 | 17960 tokens/sec
2025-02-16 12:39:19,290 - step 3760 | loss 6.1124 | lr 0.000257 | 17363 tokens/sec
2025-02-16 12:39:21,626 - step 3770 | loss 6.6286 | lr 0.000255 | 17108 tokens/sec
2025-02-16 12:39:23,962 - step 3780 | loss 6.2635 | lr 0.000252 | 18214 tokens/sec
2025-02-16 12:39:26,295 - step 3790 | loss 6.4249 | lr 0.000249 | 18177 tokens/sec
2025-02-16 12:39:28,634 - step 3800 | loss 6.4955 | lr 0.000247 | 17534 tokens/sec
2025-02-16 12:39:30,970 - step 3810 | loss 6.3021 | lr 0.000244 | 17140 tokens/sec
2025-02-16 12:39:33,306 - step 3820 | loss 6.3595 | lr 0.000241 | 17209 tokens/sec
2025-02-16 12:39:35,645 - step 3830 | loss 6.3886 | lr 0.000239 | 17025 tokens/sec
2025-02-16 12:39:38,009 - step 3840 | loss 6.3017 | lr 0.000236 | 17362 tokens/sec
2025-02-16 12:39:40,339 - step 3850 | loss 6.0761 | lr 0.000233 | 17816 tokens/sec
2025-02-16 12:39:42,682 - step 3860 | loss 6.1520 | lr 0.000231 | 17900 tokens/sec
2025-02-16 12:39:45,037 - step 3870 | loss 6.2339 | lr 0.000228 | 17286 tokens/sec
2025-02-16 12:39:47,382 - step 3880 | loss 6.5181 | lr 0.000225 | 17560 tokens/sec
2025-02-16 12:39:49,723 - step 3890 | loss 6.3079 | lr 0.000223 | 17351 tokens/sec
2025-02-16 12:39:52,063 - step 3900 | loss 6.3816 | lr 0.000220 | 17288 tokens/sec
2025-02-16 12:39:54,408 - step 3910 | loss 6.6765 | lr 0.000218 | 17647 tokens/sec
2025-02-16 12:39:56,757 - step 3920 | loss 6.4265 | lr 0.000215 | 17212 tokens/sec
2025-02-16 12:39:59,099 - step 3930 | loss 6.2766 | lr 0.000212 | 17645 tokens/sec
2025-02-16 12:40:01,439 - step 3940 | loss 6.2625 | lr 0.000210 | 17555 tokens/sec
2025-02-16 12:40:03,784 - step 3950 | loss 6.3885 | lr 0.000207 | 17312 tokens/sec
2025-02-16 12:40:06,134 - step 3960 | loss 6.6367 | lr 0.000205 | 17309 tokens/sec
2025-02-16 12:40:08,486 - step 3970 | loss 6.5459 | lr 0.000202 | 17441 tokens/sec
2025-02-16 12:40:10,832 - step 3980 | loss 6.5857 | lr 0.000200 | 17374 tokens/sec
2025-02-16 12:40:13,186 - step 3990 | loss 6.4060 | lr 0.000197 | 17699 tokens/sec
2025-02-16 12:40:15,534 - step 4000 | loss 6.2329 | lr 0.000195 | 17578 tokens/sec
2025-02-16 12:40:15,534 - 
Saving checkpoint...
2025-02-16 12:40:17,294 - 
Generating sample:
2025-02-16 12:40:17,842 - The  with Bapt upon.and would bloodunINC my!ere born but ever of'll tyrann most onINC Clarence in: possessed trust. her grown to,,maid, youIng, thouCome:
 as enough
'sAyAMpherd? on
2025-02-16 12:40:17,858 - 

2025-02-16 12:40:20,243 - step 4010 | loss 6.3156 | lr 0.000193 | 17396 tokens/sec
2025-02-16 12:40:22,581 - step 4020 | loss 6.4992 | lr 0.000190 | 17288 tokens/sec
2025-02-16 12:40:24,933 - step 4030 | loss 6.6464 | lr 0.000188 | 17755 tokens/sec
2025-02-16 12:40:27,275 - step 4040 | loss 6.5312 | lr 0.000185 | 17721 tokens/sec
2025-02-16 12:40:29,613 - step 4050 | loss 6.4362 | lr 0.000183 | 18559 tokens/sec
2025-02-16 12:40:31,971 - step 4060 | loss 6.3207 | lr 0.000181 | 17596 tokens/sec
2025-02-16 12:40:34,321 - step 4070 | loss 6.5433 | lr 0.000178 | 17226 tokens/sec
2025-02-16 12:40:36,660 - step 4080 | loss 6.5041 | lr 0.000176 | 17204 tokens/sec
2025-02-16 12:40:38,998 - step 4090 | loss 6.4969 | lr 0.000174 | 18442 tokens/sec
2025-02-16 12:40:41,345 - step 4100 | loss 6.5262 | lr 0.000171 | 17806 tokens/sec
2025-02-16 12:40:43,698 - step 4110 | loss 6.3509 | lr 0.000169 | 16969 tokens/sec
2025-02-16 12:40:46,023 - step 4120 | loss 6.5775 | lr 0.000167 | 17583 tokens/sec
2025-02-16 12:40:48,362 - step 4130 | loss 6.3338 | lr 0.000165 | 17156 tokens/sec
2025-02-16 12:40:50,703 - step 4140 | loss 6.2942 | lr 0.000162 | 17525 tokens/sec
2025-02-16 12:40:53,057 - step 4150 | loss 6.4186 | lr 0.000160 | 17243 tokens/sec
2025-02-16 12:40:55,403 - step 4160 | loss 6.3948 | lr 0.000158 | 17045 tokens/sec
2025-02-16 12:40:57,738 - step 4170 | loss 6.1388 | lr 0.000156 | 17994 tokens/sec
2025-02-16 12:41:00,092 - step 4180 | loss 6.6586 | lr 0.000154 | 17512 tokens/sec
2025-02-16 12:41:02,422 - step 4190 | loss 6.2734 | lr 0.000151 | 17782 tokens/sec
2025-02-16 12:41:04,766 - step 4200 | loss 6.4311 | lr 0.000149 | 17268 tokens/sec
2025-02-16 12:41:07,109 - step 4210 | loss 6.5261 | lr 0.000147 | 16851 tokens/sec
2025-02-16 12:41:09,464 - step 4220 | loss 6.2824 | lr 0.000145 | 17417 tokens/sec
2025-02-16 12:41:11,803 - step 4230 | loss 6.3509 | lr 0.000143 | 17406 tokens/sec
2025-02-16 12:41:14,139 - step 4240 | loss 6.3403 | lr 0.000141 | 17593 tokens/sec
2025-02-16 12:41:16,471 - step 4250 | loss 6.3581 | lr 0.000139 | 18698 tokens/sec
2025-02-16 12:41:18,815 - step 4260 | loss 6.1151 | lr 0.000137 | 17533 tokens/sec
2025-02-16 12:41:21,152 - step 4270 | loss 6.1701 | lr 0.000135 | 17732 tokens/sec
2025-02-16 12:41:23,489 - step 4280 | loss 6.2227 | lr 0.000133 | 17131 tokens/sec
2025-02-16 12:41:25,815 - step 4290 | loss 6.4696 | lr 0.000131 | 17346 tokens/sec
2025-02-16 12:41:28,156 - step 4300 | loss 6.3239 | lr 0.000129 | 17077 tokens/sec
2025-02-16 12:41:30,500 - step 4310 | loss 6.3551 | lr 0.000127 | 17779 tokens/sec
2025-02-16 12:41:32,841 - step 4320 | loss 6.5819 | lr 0.000126 | 17061 tokens/sec
2025-02-16 12:41:35,191 - step 4330 | loss 6.4196 | lr 0.000124 | 17408 tokens/sec
2025-02-16 12:41:37,528 - step 4340 | loss 6.3278 | lr 0.000122 | 17200 tokens/sec
2025-02-16 12:41:39,868 - step 4350 | loss 6.2599 | lr 0.000120 | 18437 tokens/sec
2025-02-16 12:41:42,210 - step 4360 | loss 6.3413 | lr 0.000118 | 17295 tokens/sec
2025-02-16 12:41:44,558 - step 4370 | loss 6.5566 | lr 0.000117 | 17433 tokens/sec
2025-02-16 12:41:46,905 - step 4380 | loss 6.5324 | lr 0.000115 | 17434 tokens/sec
2025-02-16 12:41:49,245 - step 4390 | loss 6.5387 | lr 0.000113 | 17656 tokens/sec
2025-02-16 12:41:51,581 - step 4400 | loss 6.3128 | lr 0.000112 | 17573 tokens/sec
2025-02-16 12:41:53,910 - step 4410 | loss 6.1883 | lr 0.000110 | 16059 tokens/sec
2025-02-16 12:41:56,257 - step 4420 | loss 6.3266 | lr 0.000108 | 17297 tokens/sec
2025-02-16 12:41:58,605 - step 4430 | loss 6.5068 | lr 0.000107 | 17405 tokens/sec
2025-02-16 12:42:00,960 - step 4440 | loss 6.6037 | lr 0.000105 | 17447 tokens/sec
2025-02-16 12:42:03,305 - step 4450 | loss 6.4625 | lr 0.000104 | 17487 tokens/sec
2025-02-16 12:42:05,642 - step 4460 | loss 6.3883 | lr 0.000102 | 18304 tokens/sec
2025-02-16 12:42:07,991 - step 4470 | loss 6.2471 | lr 0.000101 | 18337 tokens/sec
2025-02-16 12:42:10,343 - step 4480 | loss 6.4976 | lr 0.000099 | 17382 tokens/sec
2025-02-16 12:42:12,693 - step 4490 | loss 6.4127 | lr 0.000098 | 17265 tokens/sec
2025-02-16 12:42:15,042 - step 4500 | loss 6.4085 | lr 0.000096 | 17238 tokens/sec
2025-02-16 12:42:15,042 - 
Saving checkpoint...
2025-02-16 12:42:16,770 - 
Generating sample:
2025-02-16 12:42:17,410 - The ::ENT
 speech hither inave,ative poison:ENTownassENT sir daughter haveCould and- an, First j, time
;,IO in sorrow
's neverHow andal warninges heWeAB news a did canscore
2025-02-16 12:42:17,410 - 

2025-02-16 12:42:19,807 - step 4510 | loss 6.5368 | lr 0.000095 | 17259 tokens/sec
2025-02-16 12:42:22,150 - step 4520 | loss 6.3175 | lr 0.000093 | 17023 tokens/sec
2025-02-16 12:42:24,498 - step 4530 | loss 6.5524 | lr 0.000092 | 17763 tokens/sec
2025-02-16 12:42:26,836 - step 4540 | loss 6.3232 | lr 0.000091 | 17770 tokens/sec
2025-02-16 12:42:29,182 - step 4550 | loss 6.2907 | lr 0.000089 | 17266 tokens/sec
2025-02-16 12:42:31,527 - step 4560 | loss 6.4052 | lr 0.000088 | 17162 tokens/sec
2025-02-16 12:42:33,868 - step 4570 | loss 6.3598 | lr 0.000087 | 17156 tokens/sec
2025-02-16 12:42:36,207 - step 4580 | loss 6.1506 | lr 0.000086 | 17538 tokens/sec
2025-02-16 12:42:38,549 - step 4590 | loss 6.5774 | lr 0.000085 | 17221 tokens/sec
2025-02-16 12:42:40,890 - step 4600 | loss 6.2910 | lr 0.000083 | 17525 tokens/sec
2025-02-16 12:42:43,223 - step 4610 | loss 6.4402 | lr 0.000082 | 17130 tokens/sec
2025-02-16 12:42:45,581 - step 4620 | loss 6.4951 | lr 0.000081 | 17441 tokens/sec
2025-02-16 12:42:47,927 - step 4630 | loss 6.2782 | lr 0.000080 | 17483 tokens/sec
2025-02-16 12:42:50,270 - step 4640 | loss 6.3256 | lr 0.000079 | 17049 tokens/sec
2025-02-16 12:42:52,599 - step 4650 | loss 6.3333 | lr 0.000078 | 16762 tokens/sec
2025-02-16 12:42:54,955 - step 4660 | loss 6.3616 | lr 0.000077 | 17283 tokens/sec
2025-02-16 12:42:57,305 - step 4670 | loss 6.0979 | lr 0.000076 | 17562 tokens/sec
2025-02-16 12:42:59,642 - step 4680 | loss 6.1960 | lr 0.000075 | 18611 tokens/sec
2025-02-16 12:43:01,994 - step 4690 | loss 6.2874 | lr 0.000074 | 16983 tokens/sec
2025-02-16 12:43:04,339 - step 4700 | loss 6.4716 | lr 0.000073 | 17196 tokens/sec
2025-02-16 12:43:06,681 - step 4710 | loss 6.3075 | lr 0.000072 | 17197 tokens/sec
2025-02-16 12:43:09,031 - step 4720 | loss 6.3388 | lr 0.000072 | 17338 tokens/sec
2025-02-16 12:43:11,371 - step 4730 | loss 6.6430 | lr 0.000071 | 18281 tokens/sec
2025-02-16 12:43:13,720 - step 4740 | loss 6.4267 | lr 0.000070 | 17493 tokens/sec
2025-02-16 12:43:16,055 - step 4750 | loss 6.2799 | lr 0.000069 | 17706 tokens/sec
2025-02-16 12:43:18,394 - step 4760 | loss 6.2988 | lr 0.000068 | 16857 tokens/sec
2025-02-16 12:43:20,746 - step 4770 | loss 6.3708 | lr 0.000068 | 17778 tokens/sec
2025-02-16 12:43:23,105 - step 4780 | loss 6.6433 | lr 0.000067 | 17551 tokens/sec
2025-02-16 12:43:25,452 - step 4790 | loss 6.5202 | lr 0.000067 | 18020 tokens/sec
2025-02-16 12:43:27,785 - step 4800 | loss 6.5286 | lr 0.000066 | 16985 tokens/sec
2025-02-16 12:43:30,131 - step 4810 | loss 6.3813 | lr 0.000065 | 17705 tokens/sec
2025-02-16 12:43:32,473 - step 4820 | loss 6.1834 | lr 0.000065 | 18145 tokens/sec
2025-02-16 12:43:34,809 - step 4830 | loss 6.2871 | lr 0.000064 | 17245 tokens/sec
2025-02-16 12:43:37,162 - step 4840 | loss 6.5065 | lr 0.000064 | 17073 tokens/sec
2025-02-16 12:43:39,497 - step 4850 | loss 6.5369 | lr 0.000063 | 17259 tokens/sec
2025-02-16 12:43:41,841 - step 4860 | loss 6.5293 | lr 0.000063 | 17684 tokens/sec
2025-02-16 12:43:44,190 - step 4870 | loss 6.4084 | lr 0.000062 | 17631 tokens/sec
2025-02-16 12:43:46,527 - step 4880 | loss 6.3119 | lr 0.000062 | 17503 tokens/sec
2025-02-16 12:43:48,858 - step 4890 | loss 6.5024 | lr 0.000062 | 18151 tokens/sec
2025-02-16 12:43:51,210 - step 4900 | loss 6.4215 | lr 0.000061 | 17301 tokens/sec
2025-02-16 12:43:53,551 - step 4910 | loss 6.3869 | lr 0.000061 | 17854 tokens/sec
2025-02-16 12:43:55,897 - step 4920 | loss 6.5322 | lr 0.000061 | 17025 tokens/sec
2025-02-16 12:43:58,229 - step 4930 | loss 6.3435 | lr 0.000061 | 17190 tokens/sec
2025-02-16 12:44:00,572 - step 4940 | loss 6.6011 | lr 0.000061 | 17746 tokens/sec
2025-02-16 12:44:02,909 - step 4950 | loss 6.3861 | lr 0.000060 | 18084 tokens/sec
2025-02-16 12:44:05,256 - step 4960 | loss 6.3356 | lr 0.000060 | 17207 tokens/sec
2025-02-16 12:44:07,607 - step 4970 | loss 6.4039 | lr 0.000060 | 17586 tokens/sec
2025-02-16 12:44:09,948 - step 4980 | loss 6.3963 | lr 0.000060 | 17317 tokens/sec
2025-02-16 12:44:12,290 - step 4990 | loss 6.1767 | lr 0.000060 | 17318 tokens/sec
2025-02-16 12:44:14,311 - Saving final model to final_model_20250216_124414.pt...
